<?xml version="1.0" encoding="UTF-8"?>
<!-- Generated by org.testng.reporters.JUnitReportReporter -->
<testsuite hostname="nonstopio" failures="0" tests="1" name="MindstaqWeb.sampleTest" time="19.458" errors="0" timestamp="2022-07-22T19:05:24 IST" skipped="0">
  <testcase classname="MindstaqWeb.sampleTest" name="VerifyMovieReleaseDate" time="19.458"/>
  <system-out/>
</testsuite> <!-- MindstaqWeb.sampleTest -->
