<?xml version="1.0" encoding="UTF-8"?>
<!-- Generated by org.testng.reporters.JUnitReportReporter -->
<testsuite hostname="nonstopio" failures="0" tests="1" name="MindstaqWeb.ProfileAvtar" time="54.907" errors="0" timestamp="2021-01-30T23:14:27 IST" skipped="0">
  <testcase classname="MindstaqWeb.ProfileAvtar" name="updateprofilephoto" time="54.907"/>
  <system-out/>
</testsuite> <!-- MindstaqWeb.ProfileAvtar -->
