<?xml version="1.0" encoding="UTF-8"?>
<!-- Generated by org.testng.reporters.JUnitReportReporter -->
<testsuite hostname="nonstopio" failures="0" tests="1" name="MindstaqWeb.LoginInMindstaqWithBrowserStack" time="21.646" errors="0" timestamp="2021-06-22T14:16:11 IST" skipped="0">
  <testcase classname="MindstaqWeb.LoginInMindstaqWithBrowserStack" name="VerifyLoginwithBrowserStack" time="21.646"/>
  <system-out/>
</testsuite> <!-- MindstaqWeb.LoginInMindstaqWithBrowserStack -->
