<?xml version="1.0" encoding="UTF-8"?>
<!-- Generated by org.testng.reporters.JUnitReportReporter -->
<testsuite hostname="nonstopio" failures="0" tests="1" name="testVagrantTests.sampleTest" time="25.992" errors="0" timestamp="2022-07-22T19:22:15 IST" skipped="0">
  <testcase classname="testVagrantTests.sampleTest" name="VerifyMovieReleaseDate" time="25.992"/>
  <system-out/>
</testsuite> <!-- testVagrantTests.sampleTest -->
